{"/home/runner/work/project_moonlight/project_moonlight/server/src/services/aiService.ts": {"path":"/home/runner/work/project_moonlight/project_moonlight/server/src/services/aiService.ts","statementMap":{"0":{"start":{"line":11,"column":0},"end":{"line":11,"column":7}},"1":{"start":{"line":1,"column":0},"end":{"line":1,"column":50}},"2":{"start":{"line":3,"column":22},"end":{"line":5,"column":97}},"3":{"start":{"line":12,"column":17},"end":{"line":21,"column":4}},"4":{"start":{"line":23,"column":15},"end":{"line":23,"column":37}},"5":{"start":{"line":24,"column":2},"end":{"line":26,"column":3}},"6":{"start":{"line":25,"column":4},"end":{"line":25,"column":57}},"7":{"start":{"line":27,"column":2},"end":{"line":27,"column":14}}},"fnMap":{"0":{"name":"getAnswer","decl":{"start":{"line":11,"column":22},"end":{"line":11,"column":31}},"loc":{"start":{"line":11,"column":48},"end":{"line":28,"column":1}}}},"branchMap":{"0":{"loc":{"start":{"line":24,"column":2},"end":{"line":26,"column":3}},"type":"if","locations":[{"start":{"line":24,"column":2},"end":{"line":26,"column":3}}]}},"s":{"0":1,"1":1,"2":1,"3":3,"4":2,"5":2,"6":1,"7":1},"f":{"0":3},"b":{"0":[1]}}
,"/home/runner/work/project_moonlight/project_moonlight/server/src/services/reflectionService.ts": {"path":"/home/runner/work/project_moonlight/project_moonlight/server/src/services/reflectionService.ts","statementMap":{"0":{"start":{"line":23,"column":0},"end":{"line":23,"column":7}},"1":{"start":{"line":65,"column":0},"end":{"line":65,"column":7}},"2":{"start":{"line":110,"column":0},"end":{"line":110,"column":7}},"3":{"start":{"line":121,"column":0},"end":{"line":121,"column":7}},"4":{"start":{"line":136,"column":0},"end":{"line":136,"column":7}},"5":{"start":{"line":1,"column":0},"end":{"line":1,"column":43}},"6":{"start":{"line":10,"column":20},"end":{"line":10,"column":33}},"7":{"start":{"line":11,"column":15},"end":{"line":11,"column":23}},"8":{"start":{"line":15,"column":2},"end":{"line":15,"column":59}},"9":{"start":{"line":20,"column":2},"end":{"line":20,"column":58}},"10":{"start":{"line":28,"column":14},"end":{"line":32,"column":22}},"11":{"start":{"line":34,"column":2},"end":{"line":40,"column":3}},"12":{"start":{"line":35,"column":18},"end":{"line":35,"column":38}},"13":{"start":{"line":36,"column":22},"end":{"line":36,"column":71}},"14":{"start":{"line":37,"column":4},"end":{"line":39,"column":5}},"15":{"start":{"line":38,"column":6},"end":{"line":38,"column":42}},"16":{"start":{"line":42,"column":19},"end":{"line":42,"column":36}},"17":{"start":{"line":43,"column":15},"end":{"line":43,"column":28}},"18":{"start":{"line":45,"column":18},"end":{"line":45,"column":38}},"19":{"start":{"line":46,"column":18},"end":{"line":54,"column":4}},"20":{"start":{"line":47,"column":17},"end":{"line":47,"column":44}},"21":{"start":{"line":48,"column":4},"end":{"line":53,"column":27}},"22":{"start":{"line":56,"column":18},"end":{"line":56,"column":34}},"23":{"start":{"line":57,"column":21},"end":{"line":57,"column":71}},"24":{"start":{"line":59,"column":2},"end":{"line":62,"column":4}},"25":{"start":{"line":69,"column":24},"end":{"line":69,"column":56}},"26":{"start":{"line":70,"column":23},"end":{"line":70,"column":39}},"27":{"start":{"line":71,"column":14},"end":{"line":71,"column":24}},"28":{"start":{"line":73,"column":20},"end":{"line":73,"column":71}},"29":{"start":{"line":73,"column":43},"end":{"line":73,"column":70}},"30":{"start":{"line":74,"column":19},"end":{"line":74,"column":49}},"31":{"start":{"line":74,"column":42},"end":{"line":74,"column":48}},"32":{"start":{"line":76,"column":16},"end":{"line":76,"column":26}},"33":{"start":{"line":78,"column":39},"end":{"line":84,"column":4}},"34":{"start":{"line":85,"column":2},"end":{"line":85,"column":42}},"35":{"start":{"line":87,"column":2},"end":{"line":100,"column":5}},"36":{"start":{"line":88,"column":20},"end":{"line":88,"column":31}},"37":{"start":{"line":89,"column":21},"end":{"line":89,"column":33}},"38":{"start":{"line":90,"column":4},"end":{"line":90,"column":38}},"39":{"start":{"line":90,"column":31},"end":{"line":90,"column":38}},"40":{"start":{"line":91,"column":31},"end":{"line":98,"column":6}},"41":{"start":{"line":99,"column":4},"end":{"line":99,"column":34}},"42":{"start":{"line":102,"column":2},"end":{"line":102,"column":23}},"43":{"start":{"line":103,"column":2},"end":{"line":103,"column":22}},"44":{"start":{"line":114,"column":2},"end":{"line":114,"column":57}},"45":{"start":{"line":125,"column":25},"end":{"line":125,"column":65}},"46":{"start":{"line":126,"column":2},"end":{"line":129,"column":59}},"47":{"start":{"line":140,"column":14},"end":{"line":140,"column":70}},"48":{"start":{"line":141,"column":2},"end":{"line":141,"column":31}},"49":{"start":{"line":141,"column":19},"end":{"line":141,"column":31}},"50":{"start":{"line":142,"column":15},"end":{"line":142,"column":42}},"51":{"start":{"line":143,"column":2},"end":{"line":143,"column":44}},"52":{"start":{"line":143,"column":32},"end":{"line":143,"column":44}},"53":{"start":{"line":144,"column":2},"end":{"line":144,"column":14}}},"fnMap":{"0":{"name":"decodeCursor","decl":{"start":{"line":14,"column":9},"end":{"line":14,"column":21}},"loc":{"start":{"line":14,"column":36},"end":{"line":16,"column":1}}},"1":{"name":"encodeCursor","decl":{"start":{"line":19,"column":9},"end":{"line":19,"column":21}},"loc":{"start":{"line":19,"column":35},"end":{"line":21,"column":1}}},"2":{"name":"getReflections","decl":{"start":{"line":23,"column":22},"end":{"line":23,"column":36}},"loc":{"start":{"line":26,"column":17},"end":{"line":63,"column":1}}},"3":{"name":"(anonymous_12)","decl":{"start":{"line":46,"column":44},"end":{"line":46,"column":45}},"loc":{"start":{"line":46,"column":52},"end":{"line":54,"column":3}}},"4":{"name":"createReflection","decl":{"start":{"line":65,"column":22},"end":{"line":65,"column":38}},"loc":{"start":{"line":67,"column":30},"end":{"line":104,"column":1}}},"5":{"name":"(anonymous_14)","decl":{"start":{"line":73,"column":37},"end":{"line":73,"column":40}},"loc":{"start":{"line":73,"column":43},"end":{"line":73,"column":70}}},"6":{"name":"(anonymous_15)","decl":{"start":{"line":74,"column":33},"end":{"line":74,"column":34}},"loc":{"start":{"line":74,"column":42},"end":{"line":74,"column":48}}},"7":{"name":"(anonymous_16)","decl":{"start":{"line":87,"column":23},"end":{"line":87,"column":24}},"loc":{"start":{"line":87,"column":36},"end":{"line":100,"column":3}}},"8":{"name":"createEmptyReflection","decl":{"start":{"line":110,"column":22},"end":{"line":110,"column":43}},"loc":{"start":{"line":112,"column":15},"end":{"line":115,"column":1}}},"9":{"name":"appendTraceId","decl":{"start":{"line":121,"column":22},"end":{"line":121,"column":35}},"loc":{"start":{"line":123,"column":17},"end":{"line":130,"column":1}}},"10":{"name":"(anonymous_19)","decl":{"start":{"line":125,"column":25},"end":{"line":125,"column":38}},"loc":{"start":{"line":125,"column":25},"end":{"line":125,"column":65}}},"11":{"name":"getReflectionForUser","decl":{"start":{"line":136,"column":22},"end":{"line":136,"column":42}},"loc":{"start":{"line":138,"column":16},"end":{"line":145,"column":1}}}},"branchMap":{"0":{"loc":{"start":{"line":34,"column":2},"end":{"line":40,"column":3}},"type":"if","locations":[{"start":{"line":34,"column":2},"end":{"line":40,"column":3}}]},"1":{"loc":{"start":{"line":37,"column":4},"end":{"line":39,"column":5}},"type":"if","locations":[{"start":{"line":37,"column":4},"end":{"line":39,"column":5}}]},"2":{"loc":{"start":{"line":57,"column":21},"end":{"line":57,"column":71}},"type":"cond-expr","locations":[{"start":{"line":57,"column":42},"end":{"line":57,"column":66}},{"start":{"line":57,"column":69},"end":{"line":57,"column":71}}]},"3":{"loc":{"start":{"line":57,"column":21},"end":{"line":57,"column":39}},"type":"binary-expr","locations":[{"start":{"line":57,"column":21},"end":{"line":57,"column":28}},{"start":{"line":57,"column":32},"end":{"line":57,"column":39}}]},"4":{"loc":{"start":{"line":90,"column":4},"end":{"line":90,"column":38}},"type":"if","locations":[{"start":{"line":90,"column":4},"end":{"line":90,"column":38}}]},"5":{"loc":{"start":{"line":90,"column":8},"end":{"line":90,"column":29}},"type":"binary-expr","locations":[{"start":{"line":90,"column":8},"end":{"line":90,"column":16}},{"start":{"line":90,"column":20},"end":{"line":90,"column":29}}]},"6":{"loc":{"start":{"line":141,"column":2},"end":{"line":141,"column":31}},"type":"if","locations":[{"start":{"line":141,"column":2},"end":{"line":141,"column":31}}]},"7":{"loc":{"start":{"line":143,"column":2},"end":{"line":143,"column":44}},"type":"if","locations":[{"start":{"line":143,"column":2},"end":{"line":143,"column":44}}]}},"s":{"0":1,"1":1,"2":1,"3":1,"4":1,"5":1,"6":1,"7":1,"8":2,"9":1,"10":4,"11":4,"12":2,"13":2,"14":2,"15":1,"16":4,"17":4,"18":4,"19":4,"20":3,"21":3,"22":4,"23":4,"24":4,"25":2,"26":2,"27":2,"28":2,"29":1,"30":2,"31":1,"32":2,"33":2,"34":2,"35":2,"36":1,"37":1,"38":1,"39":0,"40":1,"41":1,"42":2,"43":2,"44":1,"45":2,"46":1,"47":3,"48":3,"49":1,"50":2,"51":2,"52":1,"53":1},"f":{"0":2,"1":1,"2":4,"3":3,"4":2,"5":1,"6":1,"7":1,"8":1,"9":1,"10":1,"11":3},"b":{"0":[2],"1":[1],"2":[1,3],"3":[4,1],"4":[0],"5":[1,1],"6":[1],"7":[1]}}
,"/home/runner/work/project_moonlight/project_moonlight/server/src/services/traceService.ts": {"path":"/home/runner/work/project_moonlight/project_moonlight/server/src/services/traceService.ts","statementMap":{"0":{"start":{"line":15,"column":0},"end":{"line":15,"column":7}},"1":{"start":{"line":67,"column":0},"end":{"line":67,"column":7}},"2":{"start":{"line":1,"column":0},"end":{"line":1,"column":43}},"3":{"start":{"line":2,"column":0},"end":{"line":2,"column":62}},"4":{"start":{"line":5,"column":15},"end":{"line":5,"column":23}},"5":{"start":{"line":8,"column":2},"end":{"line":8,"column":59}},"6":{"start":{"line":12,"column":2},"end":{"line":12,"column":58}},"7":{"start":{"line":22,"column":21},"end":{"line":22,"column":69}},"8":{"start":{"line":23,"column":2},"end":{"line":23,"column":31}},"9":{"start":{"line":23,"column":19},"end":{"line":23,"column":31}},"10":{"start":{"line":25,"column":14},"end":{"line":29,"column":22}},"11":{"start":{"line":31,"column":2},"end":{"line":37,"column":3}},"12":{"start":{"line":32,"column":18},"end":{"line":32,"column":38}},"13":{"start":{"line":33,"column":22},"end":{"line":33,"column":66}},"14":{"start":{"line":34,"column":4},"end":{"line":36,"column":5}},"15":{"start":{"line":35,"column":6},"end":{"line":35,"column":42}},"16":{"start":{"line":39,"column":19},"end":{"line":39,"column":36}},"17":{"start":{"line":40,"column":15},"end":{"line":40,"column":28}},"18":{"start":{"line":42,"column":18},"end":{"line":42,"column":38}},"19":{"start":{"line":43,"column":18},"end":{"line":51,"column":4}},"20":{"start":{"line":44,"column":17},"end":{"line":44,"column":39}},"21":{"start":{"line":45,"column":4},"end":{"line":50,"column":22}},"22":{"start":{"line":54,"column":4},"end":{"line":54,"column":72}},"23":{"start":{"line":56,"column":2},"end":{"line":59,"column":4}},"24":{"start":{"line":73,"column":19},"end":{"line":73,"column":46}},"25":{"start":{"line":74,"column":29},"end":{"line":81,"column":4}},"26":{"start":{"line":82,"column":2},"end":{"line":82,"column":31}},"27":{"start":{"line":83,"column":2},"end":{"line":83,"column":21}}},"fnMap":{"0":{"name":"decodeCursor","decl":{"start":{"line":7,"column":9},"end":{"line":7,"column":21}},"loc":{"start":{"line":7,"column":36},"end":{"line":9,"column":1}}},"1":{"name":"encodeCursor","decl":{"start":{"line":11,"column":9},"end":{"line":11,"column":21}},"loc":{"start":{"line":11,"column":35},"end":{"line":13,"column":1}}},"2":{"name":"getTraces","decl":{"start":{"line":15,"column":22},"end":{"line":15,"column":31}},"loc":{"start":{"line":19,"column":17},"end":{"line":60,"column":1}}},"3":{"name":"(anonymous_3)","decl":{"start":{"line":43,"column":44},"end":{"line":43,"column":45}},"loc":{"start":{"line":43,"column":52},"end":{"line":51,"column":3}}},"4":{"name":"createTrace","decl":{"start":{"line":67,"column":22},"end":{"line":67,"column":33}},"loc":{"start":{"line":71,"column":11},"end":{"line":84,"column":1}}}},"branchMap":{"0":{"loc":{"start":{"line":23,"column":2},"end":{"line":23,"column":31}},"type":"if","locations":[{"start":{"line":23,"column":2},"end":{"line":23,"column":31}}]},"1":{"loc":{"start":{"line":31,"column":2},"end":{"line":37,"column":3}},"type":"if","locations":[{"start":{"line":31,"column":2},"end":{"line":37,"column":3}}]},"2":{"loc":{"start":{"line":34,"column":4},"end":{"line":36,"column":5}},"type":"if","locations":[{"start":{"line":34,"column":4},"end":{"line":36,"column":5}}]},"3":{"loc":{"start":{"line":54,"column":4},"end":{"line":54,"column":72}},"type":"cond-expr","locations":[{"start":{"line":54,"column":34},"end":{"line":54,"column":67}},{"start":{"line":54,"column":70},"end":{"line":54,"column":72}}]},"4":{"loc":{"start":{"line":54,"column":4},"end":{"line":54,"column":31}},"type":"binary-expr","locations":[{"start":{"line":54,"column":4},"end":{"line":54,"column":11}},{"start":{"line":54,"column":15},"end":{"line":54,"column":31}}]}},"s":{"0":1,"1":1,"2":1,"3":1,"4":1,"5":2,"6":1,"7":4,"8":4,"9":1,"10":3,"11":3,"12":2,"13":2,"14":2,"15":1,"16":3,"17":3,"18":3,"19":3,"20":3,"21":3,"22":3,"23":3,"24":1,"25":1,"26":1,"27":1},"f":{"0":2,"1":1,"2":4,"3":3,"4":1},"b":{"0":[1],"1":[2],"2":[1],"3":[1,2],"4":[3,1]}}
}
