TN:
SF:src/services/aiService.ts
FN:11,getAnswer
FNF:1
FNH:1
FNDA:3,getAnswer
DA:1,1
DA:3,1
DA:11,1
DA:12,3
DA:23,2
DA:24,2
DA:25,1
DA:27,1
LF:8
LH:8
BRDA:24,0,0,1
BRF:1
BRH:1
end_of_record
TN:
SF:src/services/reflectionService.ts
FN:14,decodeCursor
FN:19,encodeCursor
FN:23,getReflections
FN:46,(anonymous_12)
FN:65,createReflection
FN:73,(anonymous_14)
FN:74,(anonymous_15)
FN:87,(anonymous_16)
FN:110,createEmptyReflection
FN:121,appendTraceId
FN:125,(anonymous_19)
FN:136,getReflectionForUser
FNF:12
FNH:12
FNDA:2,decodeCursor
FNDA:1,encodeCursor
FNDA:4,getReflections
FNDA:3,(anonymous_12)
FNDA:2,createReflection
FNDA:1,(anonymous_14)
FNDA:1,(anonymous_15)
FNDA:1,(anonymous_16)
FNDA:1,createEmptyReflection
FNDA:1,appendTraceId
FNDA:1,(anonymous_19)
FNDA:3,getReflectionForUser
DA:1,1
DA:10,1
DA:11,1
DA:15,2
DA:20,1
DA:23,1
DA:28,4
DA:34,4
DA:35,2
DA:36,2
DA:37,2
DA:38,1
DA:42,4
DA:43,4
DA:45,4
DA:46,4
DA:47,3
DA:48,3
DA:56,4
DA:57,4
DA:59,4
DA:65,1
DA:69,2
DA:70,2
DA:71,2
DA:73,2
DA:74,2
DA:76,2
DA:78,2
DA:85,2
DA:87,2
DA:88,1
DA:89,1
DA:90,1
DA:91,1
DA:99,1
DA:102,2
DA:103,2
DA:110,1
DA:114,1
DA:121,1
DA:125,2
DA:126,1
DA:136,1
DA:140,3
DA:141,3
DA:142,2
DA:143,2
DA:144,1
LF:49
LH:49
BRDA:34,0,0,2
BRDA:37,1,0,1
BRDA:57,2,0,1
BRDA:57,2,1,3
BRDA:57,3,0,4
BRDA:57,3,1,1
BRDA:90,4,0,0
BRDA:90,5,0,1
BRDA:90,5,1,1
BRDA:141,6,0,1
BRDA:143,7,0,1
BRF:11
BRH:10
end_of_record
TN:
SF:src/services/traceService.ts
FN:7,decodeCursor
FN:11,encodeCursor
FN:15,getTraces
FN:43,(anonymous_3)
FN:67,createTrace
FNF:5
FNH:5
FNDA:2,decodeCursor
FNDA:1,encodeCursor
FNDA:4,getTraces
FNDA:3,(anonymous_3)
FNDA:1,createTrace
DA:1,1
DA:2,1
DA:5,1
DA:8,2
DA:12,1
DA:15,1
DA:22,4
DA:23,4
DA:25,3
DA:31,3
DA:32,2
DA:33,2
DA:34,2
DA:35,1
DA:39,3
DA:40,3
DA:42,3
DA:43,3
DA:44,3
DA:45,3
DA:54,3
DA:56,3
DA:67,1
DA:73,1
DA:74,1
DA:82,1
DA:83,1
LF:27
LH:27
BRDA:23,0,0,1
BRDA:31,1,0,2
BRDA:34,2,0,1
BRDA:54,3,0,1
BRDA:54,3,1,2
BRDA:54,4,0,3
BRDA:54,4,1,1
BRF:7
BRH:7
end_of_record
